Arguments: 
  /home/david/.nvm/versions/node/v12.16.3/bin/node /home/david/.nvm/versions/node/v12.16.3/bin/yarn run

PATH: 
  /home/david/.serverless/bin:/home/david/.nvm/versions/node/v12.16.3/bin:/usr/local/sbin:/usr/local/bin:/usr/sbin:/usr/bin:/sbin:/bin:/usr/games:/usr/local/games:/snap/bin

Yarn version: 
  1.22.4

Node version: 
  12.16.3

Platform: 
  linux x64

Trace: 
  SyntaxError: /home/david/www/wollit-technical-test/package.json: Unexpected token } in JSON at position 316
      at JSON.parse (<anonymous>)
      at /home/david/.nvm/versions/node/v12.16.3/lib/node_modules/yarn/lib/cli.js:1625:59
      at Generator.next (<anonymous>)
      at step (/home/david/.nvm/versions/node/v12.16.3/lib/node_modules/yarn/lib/cli.js:310:30)
      at /home/david/.nvm/versions/node/v12.16.3/lib/node_modules/yarn/lib/cli.js:321:13

npm manifest: 
  {
    "name": "wollit-technical-test",
    "version": "0.0.1",
    "description": "Wollit technical test written by David Roberts",
    "main": "none",
    "scripts": {
      "start:server": "cd ./backend && yarn start",
      "start:client": "cd ./front-end && yarn start",
      "test:server:unit": "cd ./backend && yarn test",
    },
    "repository": {
      "type": "git",
      "url": "git+https://github.com/djr303/wollit-technical-test.git"
    },
    "author": "David Roberts",
    "license": "MIT",
    "bugs": {
      "url": "https://github.com/djr303/wollit-technical-test/issues"
    },
    "homepage": "https://github.com/djr303/wollit-technical-test#readme"
  }

yarn manifest: 
  No manifest

Lockfile: 
  # THIS IS AN AUTOGENERATED FILE. DO NOT EDIT THIS FILE DIRECTLY.
  # yarn lockfile v1
